<?xml version="1.0" encoding="UTF-8"?>
<!-- Generated by org.testng.reporters.JUnitReportReporter -->
<testsuite skipped="0" hostname="YP1009097DT" name="com.practice.tests.HtmlUnitDriverTest" tests="1" failures="0" timestamp="05 Jun 2019 07:26:31 GMT" time="3.092" errors="0">
  <testcase name="googleTest" time="3.092" classname="com.practice.tests.HtmlUnitDriverTest"/>
</testsuite> <!-- com.practice.tests.HtmlUnitDriverTest -->
