<?xml version="1.0" encoding="UTF-8"?>
<!-- Generated by org.testng.reporters.JUnitReportReporter -->
<testsuite skipped="0" hostname="YP1009099DT" name="com.practice.tests.WindowHandling" tests="1" failures="0" timestamp="11 Apr 2019 10:03:07 GMT" time="48.094" errors="0">
  <testcase name="windowHnadlingTest" time="48.094" classname="com.practice.tests.WindowHandling"/>
</testsuite> <!-- com.practice.tests.WindowHandling -->
