<?xml version="1.0" encoding="UTF-8"?>
<!-- Generated by org.testng.reporters.JUnitReportReporter -->
<testsuite skipped="0" hostname="YP1009099DT" name="com.practice.tests.HtmlUnitDriverTest" tests="1" failures="0" timestamp="17 Apr 2019 06:50:01 GMT" time="8.875" errors="0">
  <testcase name="googleTest" time="8.875" classname="com.practice.tests.HtmlUnitDriverTest"/>
</testsuite> <!-- com.practice.tests.HtmlUnitDriverTest -->
