<?xml version="1.0" encoding="UTF-8"?>
<!-- Generated by org.testng.reporters.JUnitReportReporter -->
<testsuite skipped="0" hostname="YP1009099DT" name="com.practice.tests.GoogleSearch" tests="1" failures="0" timestamp="05 Mar 2019 08:05:40 GMT" time="3.348" errors="0">
  <testcase name="printSearchList" time="3.348" classname="com.practice.tests.GoogleSearch"/>
</testsuite> <!-- com.practice.tests.GoogleSearch -->
