<?xml version="1.0" encoding="UTF-8"?>
<!-- Generated by org.testng.reporters.JUnitReportReporter -->
<testsuite skipped="0" hostname="YP1009099DT" name="com.practice.tests.LinksTesting" tests="1" failures="0" timestamp="12 Apr 2019 07:16:40 GMT" time="30.858" errors="0">
  <testcase name="linksAccessibilityTest" time="30.858" classname="com.practice.tests.LinksTesting"/>
</testsuite> <!-- com.practice.tests.LinksTesting -->
