<?xml version="1.0" encoding="UTF-8"?>
<!-- Generated by org.testng.reporters.JUnitReportReporter -->
<testsuite skipped="0" hostname="YP1009099DT" name="com.practice.tests.JavaScriptTest" tests="1" failures="0" timestamp="11 Mar 2019 11:17:20 GMT" time="102.271" errors="0">
  <testcase name="javaScriptTest" time="102.271" classname="com.practice.tests.JavaScriptTest"/>
</testsuite> <!-- com.practice.tests.JavaScriptTest -->
