<?xml version="1.0" encoding="UTF-8"?>
<!-- Generated by org.testng.reporters.JUnitReportReporter -->
<testsuite skipped="0" hostname="YP1009099DT" name="com.practice.tests.BootstrapDropdownTest" tests="1" failures="0" timestamp="11 Mar 2019 11:17:20 GMT" time="23.971" errors="0">
  <testcase name="dropDownTest" time="23.971" classname="com.practice.tests.BootstrapDropdownTest"/>
</testsuite> <!-- com.practice.tests.BootstrapDropdownTest -->
