<?xml version="1.0" encoding="UTF-8"?>
<!-- Generated by org.testng.reporters.JUnitReportReporter -->
<testsuite skipped="0" hostname="YP1009097DT" name="com.practice.tests.BootstrapDropdown" tests="1" failures="0" timestamp="05 Jun 2019 11:19:18 GMT" time="53.956" errors="0">
  <testcase name="bootStrapDropdown" time="53.956" classname="com.practice.tests.BootstrapDropdown"/>
</testsuite> <!-- com.practice.tests.BootstrapDropdown -->
