<?xml version="1.0" encoding="UTF-8"?>
<!-- Generated by org.testng.reporters.JUnitReportReporter -->
<testsuite skipped="0" hostname="YP1009099DT" name="com.practice.tests.DropdownsOnYouHomePage" tests="1" failures="0" timestamp="02 Apr 2019 09:26:35 GMT" time="20.960" errors="0">
  <testcase name="sharedServicesDropdown" time="20.960" classname="com.practice.tests.DropdownsOnYouHomePage"/>
</testsuite> <!-- com.practice.tests.DropdownsOnYouHomePage -->
